<?xml version="1.0" encoding="UTF-8"?>
<!-- Generated by org.testng.reporters.JUnitReportReporter -->
<testsuite hostname="HB-laptops-020" failures="0" tests="1" name="final_package.Automated" time="7.790" errors="0" timestamp="2021-06-24T23:06:22 EDT" skipped="0">
  <testcase classname="final_package.Automated" name="finalproject" time="7.790"/>
  <system-out/>
</testsuite> <!-- final_package.Automated -->
