<?xml version="1.0" encoding="UTF-8"?>
<!-- Generated by org.testng.reporters.JUnitReportReporter -->
<testsuite hostname="HB-laptops-020" failures="0" tests="2" name="final_package.Inder" time="6.811" errors="0" timestamp="2021-06-24T23:19:43 EDT" skipped="0">
  <testcase classname="final_package.Inder" name="imagess" time="2.903"/>
  <system-out/>
  <testcase classname="final_package.Inder" name="buttons" time="3.908"/>
  <system-out/>
</testsuite> <!-- final_package.Inder -->
